Prism Launcher version: 9.1 (official)


Launched instance in online mode

login.microsoftonline.com resolves to:
    [20.190.177.84, 20.190.147.8, 20.190.147.10, 20.190.177.148, 20.190.147.1, 20.190.177.85, 20.190.147.9, 20.190.177.20]


session.minecraft.net resolves to:
    [13.107.246.45]


textures.minecraft.net resolves to:
    [13.107.246.45]


api.mojang.com resolves to:
    [13.107.246.45]


Minecraft folder is:
C:/Users/vikto/AppData/Roaming/PrismLauncher/instances/1.7.10 Dev Test/minecraft


Java path is:
C:/Users/vikto/AppData/Roaming/PrismLauncher/java/jre-legacy/bin/javaw.exe


Java is version 1.8.0_51, using 64 (amd64) architecture, from Oracle Corporation.


Main Class:
  net.minecraft.launchwrapper.Launch

Native path:
  C:/Users/vikto/AppData/Roaming/PrismLauncher/instances/1.7.10 Dev Test/natives

Libraries:
  C:/Users/vikto/AppData/Roaming/PrismLauncher/libraries/net/java/jinput/jinput/2.0.5/jinput-2.0.5.jar
  C:/Users/vikto/AppData/Roaming/PrismLauncher/libraries/net/java/jutils/jutils/1.0.0/jutils-1.0.0.jar
  C:/Users/vikto/AppData/Roaming/PrismLauncher/libraries/org/lwjgl/lwjgl/lwjgl/2.9.4-nightly-20150209/lwjgl-2.9.4-nightly-20150209.jar
  C:/Users/vikto/AppData/Roaming/PrismLauncher/libraries/org/lwjgl/lwjgl/lwjgl_util/2.9.4-nightly-20150209/lwjgl_util-2.9.4-nightly-20150209.jar
  C:/Users/vikto/AppData/Roaming/PrismLauncher/libraries/com/mojang/netty/1.8.8/netty-1.8.8.jar
  C:/Users/vikto/AppData/Roaming/PrismLauncher/libraries/com/mojang/realms/1.3.5/realms-1.3.5.jar
  C:/Users/vikto/AppData/Roaming/PrismLauncher/libraries/org/apache/commons/commons-compress/1.8.1/commons-compress-1.8.1.jar
  C:/Users/vikto/AppData/Roaming/PrismLauncher/libraries/org/apache/httpcomponents/httpclient/4.3.3/httpclient-4.3.3.jar
  C:/Users/vikto/AppData/Roaming/PrismLauncher/libraries/commons-logging/commons-logging/1.1.3/commons-logging-1.1.3.jar
  C:/Users/vikto/AppData/Roaming/PrismLauncher/libraries/org/apache/httpcomponents/httpcore/4.3.2/httpcore-4.3.2.jar
  C:/Users/vikto/AppData/Roaming/PrismLauncher/libraries/java3d/vecmath/1.3.1/vecmath-1.3.1.jar
  C:/Users/vikto/AppData/Roaming/PrismLauncher/libraries/net/sf/trove4j/trove4j/3.0.3/trove4j-3.0.3.jar
  C:/Users/vikto/AppData/Roaming/PrismLauncher/libraries/com/ibm/icu/icu4j-core-mojang/51.2/icu4j-core-mojang-51.2.jar
  C:/Users/vikto/AppData/Roaming/PrismLauncher/libraries/net/sf/jopt-simple/jopt-simple/4.5/jopt-simple-4.5.jar
  C:/Users/vikto/AppData/Roaming/PrismLauncher/libraries/com/paulscode/codecjorbis/20101023/codecjorbis-20101023.jar
  C:/Users/vikto/AppData/Roaming/PrismLauncher/libraries/com/paulscode/codecwav/20101023/codecwav-20101023.jar
  C:/Users/vikto/AppData/Roaming/PrismLauncher/libraries/com/paulscode/libraryjavasound/20101123/libraryjavasound-20101123.jar
  C:/Users/vikto/AppData/Roaming/PrismLauncher/libraries/com/paulscode/librarylwjglopenal/20100824/librarylwjglopenal-20100824.jar
  C:/Users/vikto/AppData/Roaming/PrismLauncher/libraries/com/paulscode/soundsystem/20120107/soundsystem-20120107.jar
  C:/Users/vikto/AppData/Roaming/PrismLauncher/libraries/io/netty/netty-all/4.0.10.Final/netty-all-4.0.10.Final.jar
  C:/Users/vikto/AppData/Roaming/PrismLauncher/libraries/com/google/guava/guava/17.0/guava-17.0.jar
  C:/Users/vikto/AppData/Roaming/PrismLauncher/libraries/org/apache/commons/commons-lang3/3.3.2/commons-lang3-3.3.2.jar
  C:/Users/vikto/AppData/Roaming/PrismLauncher/libraries/commons-io/commons-io/2.4/commons-io-2.4.jar
  C:/Users/vikto/AppData/Roaming/PrismLauncher/libraries/commons-codec/commons-codec/1.9/commons-codec-1.9.jar
  C:/Users/vikto/AppData/Roaming/PrismLauncher/libraries/com/google/code/gson/gson/2.2.4/gson-2.2.4.jar
  C:/Users/vikto/AppData/Roaming/PrismLauncher/libraries/com/mojang/authlib/1.5.21/authlib-1.5.21.jar
  C:/Users/vikto/AppData/Roaming/PrismLauncher/libraries/org/apache/logging/log4j/log4j-api/2.0-beta9-fixed/log4j-api-2.0-beta9-fixed.jar
  C:/Users/vikto/AppData/Roaming/PrismLauncher/libraries/org/apache/logging/log4j/log4j-core/2.0-beta9-fixed/log4j-core-2.0-beta9-fixed.jar
  C:/Users/vikto/AppData/Roaming/PrismLauncher/libraries/tv/twitch/twitch/5.16/twitch-5.16.jar
  C:/Users/vikto/AppData/Roaming/PrismLauncher/libraries/net/minecraftforge/forge/1.7.10-10.13.4.1614-1.7.10/forge-1.7.10-10.13.4.1614-1.7.10-universal.jar
  C:/Users/vikto/AppData/Roaming/PrismLauncher/libraries/net/minecraft/launchwrapper/1.12/launchwrapper-1.12.jar
  C:/Users/vikto/AppData/Roaming/PrismLauncher/libraries/org/ow2/asm/asm-all/5.0.3/asm-all-5.0.3.jar
  C:/Users/vikto/AppData/Roaming/PrismLauncher/libraries/com/typesafe/akka/akka-actor_2.11/2.3.3/akka-actor_2.11-2.3.3.jar
  C:/Users/vikto/AppData/Roaming/PrismLauncher/libraries/com/typesafe/config/1.2.1/config-1.2.1.jar
  C:/Users/vikto/AppData/Roaming/PrismLauncher/libraries/org/scala-lang/scala-actors-migration_2.11/1.1.0/scala-actors-migration_2.11-1.1.0.jar
  C:/Users/vikto/AppData/Roaming/PrismLauncher/libraries/org/scala-lang/scala-compiler/2.11.1/scala-compiler-2.11.1.jar
  C:/Users/vikto/AppData/Roaming/PrismLauncher/libraries/org/scala-lang/plugins/scala-continuations-library_2.11/1.0.2/scala-continuations-library_2.11-1.0.2.jar
  C:/Users/vikto/AppData/Roaming/PrismLauncher/libraries/org/scala-lang/plugins/scala-continuations-plugin_2.11.1/1.0.2/scala-continuations-plugin_2.11.1-1.0.2.jar
  C:/Users/vikto/AppData/Roaming/PrismLauncher/libraries/org/scala-lang/scala-library/2.11.1/scala-library-2.11.1.jar
  C:/Users/vikto/AppData/Roaming/PrismLauncher/libraries/org/scala-lang/scala-parser-combinators_2.11/1.0.1/scala-parser-combinators_2.11-1.0.1.jar
  C:/Users/vikto/AppData/Roaming/PrismLauncher/libraries/org/scala-lang/scala-reflect/2.11.1/scala-reflect-2.11.1.jar
  C:/Users/vikto/AppData/Roaming/PrismLauncher/libraries/org/scala-lang/scala-swing_2.11/1.0.1/scala-swing_2.11-1.0.1.jar
  C:/Users/vikto/AppData/Roaming/PrismLauncher/libraries/org/scala-lang/scala-xml_2.11/1.0.2/scala-xml_2.11-1.0.2.jar
  C:/Users/vikto/AppData/Roaming/PrismLauncher/libraries/lzma/lzma/0.0.1/lzma-0.0.1.jar
  C:/Users/vikto/AppData/Roaming/PrismLauncher/libraries/com/mojang/minecraft/1.7.10/minecraft-1.7.10-client.jar

Native libraries:
  C:/Users/vikto/AppData/Roaming/PrismLauncher/libraries/net/java/jinput/jinput-platform/2.0.5/jinput-platform-2.0.5-natives-windows.jar
  C:/Users/vikto/AppData/Roaming/PrismLauncher/libraries/org/lwjgl/lwjgl/lwjgl-platform/2.9.4-nightly-20150209/lwjgl-platform-2.9.4-nightly-20150209-natives-windows.jar
  C:/Users/vikto/AppData/Roaming/PrismLauncher/libraries/tv/twitch/twitch-platform/5.16/twitch-platform-5.16-natives-windows-64.jar
  C:/Users/vikto/AppData/Roaming/PrismLauncher/libraries/tv/twitch/twitch-external-platform/4.5/twitch-external-platform-4.5-natives-windows-64.jar

Mods:
  [✔] WorldBridge-1.7.10-UNKNOWN

Params:
  --username  --version 1.7.10 --gameDir C:/Users/vikto/AppData/Roaming/PrismLauncher/instances/1.7.10 Dev Test/minecraft --assetsDir C:/Users/vikto/AppData/Roaming/PrismLauncher/assets --assetIndex 1.7.10 --uuid  --accessToken  --userProperties  --userType  --tweakClass cpw.mods.fml.common.launcher.FMLTweaker

Window size: 854 x 480

Launcher: standard

Java Arguments:
[-XX:HeapDumpPath=MojangTricksIntelDriversForPerformance_javaw.exe_minecraft.exe.heapdump, -Xms512m, -Xmx8192m, -Duser.language=en]


Minecraft process ID: 24480


[15:44:11] [main/INFO] [LaunchWrapper]: Loading tweak class name cpw.mods.fml.common.launcher.FMLTweaker
[15:44:11] [main/INFO] [LaunchWrapper]: Using primary tweak class name cpw.mods.fml.common.launcher.FMLTweaker
[15:44:11] [main/INFO] [LaunchWrapper]: Calling tweak class cpw.mods.fml.common.launcher.FMLTweaker
[15:44:11] [main/INFO] [FML]: Forge Mod Loader version 7.99.40.1614 for Minecraft 1.7.10 loading
[15:44:11] [main/INFO] [FML]: Java is Java HotSpot(TM) 64-Bit Server VM, version 1.8.0_51, running on Windows 8.1:amd64:6.3, installed at C:\Users\vikto\AppData\Roaming\PrismLauncher\java\jre-legacy
[15:44:11] [main/INFO] [FML]: Loading tweaker org.spongepowered.asm.launch.MixinTweaker from WorldBridge-1.7.10-UNKNOWN.jar
[15:44:11] [main/INFO] [LaunchWrapper]: Loading tweak class name cpw.mods.fml.common.launcher.FMLInjectionAndSortingTweaker
[15:44:11] [main/INFO] [LaunchWrapper]: Loading tweak class name org.spongepowered.asm.launch.MixinTweaker
[15:44:11] [main/INFO] [mixin]: SpongePowered MIXIN Subsystem Version=0.7.11 Source=file:/C:/Users/vikto/AppData/Roaming/PrismLauncher/instances/1.7.10%20Dev%20Test/minecraft/mods/WorldBridge-1.7.10-UNKNOWN.jar Service=LaunchWrapper Env=CLIENT
[15:44:12] [main/INFO] [LaunchWrapper]: Loading tweak class name cpw.mods.fml.common.launcher.FMLDeobfTweaker
[15:44:12] [main/INFO] [LaunchWrapper]: Calling tweak class cpw.mods.fml.common.launcher.FMLInjectionAndSortingTweaker
[15:44:12] [main/INFO] [LaunchWrapper]: Calling tweak class cpw.mods.fml.common.launcher.FMLInjectionAndSortingTweaker
[15:44:12] [main/INFO] [LaunchWrapper]: Calling tweak class cpw.mods.fml.relauncher.CoreModManager$FMLPluginWrapper
[15:44:14] [main/INFO] [FML]: Found valid fingerprint for Minecraft Forge. Certificate fingerprint e3c3d50c7c986df74c645c0ac54639741c90a557
[15:44:14] [main/INFO] [FML]: Found valid fingerprint for Minecraft. Certificate fingerprint cd99959656f753dc28d863b46769f7f8fbaefcfc
[15:44:14] [main/INFO] [LaunchWrapper]: Calling tweak class cpw.mods.fml.relauncher.CoreModManager$FMLPluginWrapper
[15:44:14] [main/INFO] [LaunchWrapper]: Calling tweak class org.spongepowered.asm.launch.MixinTweaker
[15:44:14] [main/INFO] [mixin]: Compatibility level set to JAVA_8
[15:44:28] [main/INFO] [mixin]: Initialised Mixin FML Remapper Adapter with cpw.mods.fml.common.asm.transformers.deobf.FMLDeobfuscatingRemapper@13e547a9
[15:44:28] [main/INFO] [LaunchWrapper]: Calling tweak class cpw.mods.fml.common.launcher.FMLDeobfTweaker
[15:44:29] [main/INFO] [LaunchWrapper]: Loading tweak class name cpw.mods.fml.common.launcher.TerminalTweaker
[15:44:29] [main/INFO] [LaunchWrapper]: Loading tweak class name org.spongepowered.asm.mixin.EnvironmentStateTweaker
[15:44:29] [main/INFO] [LaunchWrapper]: Calling tweak class cpw.mods.fml.common.launcher.TerminalTweaker
[15:44:29] [main/INFO] [LaunchWrapper]: Calling tweak class org.spongepowered.asm.mixin.EnvironmentStateTweaker
[15:44:29] [main/WARN] [mixin]: Reference map 'worldbridge.mixin.refmap.json' for worldbridge.mixin.json could not be read. If this is a development environment you can ignore this message
[15:44:29] [main/INFO] [LaunchWrapper]: Launching wrapped minecraft {net.minecraft.client.main.Main}
[15:44:30] [main/INFO]: Setting user: Viktoreeej
[15:44:32] [Client thread/INFO]: LWJGL Version: 2.9.4
[15:44:33] [Client thread/FATAL] [mixin]: Mixin apply failed worldbridge.mixin.json:IntegratedServerMixin -> net.minecraft.server.integrated.IntegratedServer: org.spongepowered.asm.mixin.injection.throwables.InvalidInjectionException @Inject annotation on handler$onShareToLAN$zza000 could not find any targets matching 'shareToLAN' in the target class net.minecraft.server.integrated.IntegratedServer. No refMap loaded.
org.spongepowered.asm.mixin.injection.throwables.InvalidInjectionException: @Inject annotation on handler$onShareToLAN$zza000 could not find any targets matching 'shareToLAN' in the target class net.minecraft.server.integrated.IntegratedServer. No refMap loaded.
	at org.spongepowered.asm.mixin.injection.struct.InjectionInfo.findMethods(InjectionInfo.java:421) ~[WorldBridge-1.7.10-UNKNOWN.jar:?]
	at org.spongepowered.asm.mixin.injection.struct.InjectionInfo.readAnnotation(InjectionInfo.java:172) ~[WorldBridge-1.7.10-UNKNOWN.jar:?]
	at org.spongepowered.asm.mixin.injection.struct.InjectionInfo.<init>(InjectionInfo.java:159) ~[WorldBridge-1.7.10-UNKNOWN.jar:?]
	at org.spongepowered.asm.mixin.injection.struct.InjectionInfo.<init>(InjectionInfo.java:151) ~[WorldBridge-1.7.10-UNKNOWN.jar:?]
	at org.spongepowered.asm.mixin.injection.struct.CallbackInjectionInfo.<init>(CallbackInjectionInfo.java:44) ~[WorldBridge-1.7.10-UNKNOWN.jar:?]
	at org.spongepowered.asm.mixin.injection.struct.InjectionInfo.parse(InjectionInfo.java:472) ~[WorldBridge-1.7.10-UNKNOWN.jar:?]
	at org.spongepowered.asm.mixin.transformer.MixinTargetContext.prepareInjections(MixinTargetContext.java:1180) ~[WorldBridge-1.7.10-UNKNOWN.jar:?]
	at org.spongepowered.asm.mixin.transformer.MixinApplicatorStandard.prepareInjections(MixinApplicatorStandard.java:929) ~[WorldBridge-1.7.10-UNKNOWN.jar:?]
	at org.spongepowered.asm.mixin.transformer.MixinApplicatorStandard.applyMixin(MixinApplicatorStandard.java:317) ~[WorldBridge-1.7.10-UNKNOWN.jar:?]
	at org.spongepowered.asm.mixin.transformer.MixinApplicatorStandard.apply(MixinApplicatorStandard.java:280) ~[WorldBridge-1.7.10-UNKNOWN.jar:?]
	at org.spongepowered.asm.mixin.transformer.TargetClassContext.applyMixins(TargetClassContext.java:353) ~[WorldBridge-1.7.10-UNKNOWN.jar:?]
	at org.spongepowered.asm.mixin.transformer.MixinTransformer.apply(MixinTransformer.java:724) [WorldBridge-1.7.10-UNKNOWN.jar:?]
	at org.spongepowered.asm.mixin.transformer.MixinTransformer.applyMixins(MixinTransformer.java:703) [WorldBridge-1.7.10-UNKNOWN.jar:?]
	at org.spongepowered.asm.mixin.transformer.MixinTransformer.transformClassBytes(MixinTransformer.java:509) [WorldBridge-1.7.10-UNKNOWN.jar:?]
	at org.spongepowered.asm.mixin.transformer.Proxy.transform(Proxy.java:72) [WorldBridge-1.7.10-UNKNOWN.jar:?]
	at net.minecraft.launchwrapper.LaunchClassLoader.runTransformers(LaunchClassLoader.java:279) [launchwrapper-1.12.jar:?]
	at net.minecraft.launchwrapper.LaunchClassLoader.findClass(LaunchClassLoader.java:176) [launchwrapper-1.12.jar:?]
	at java.lang.ClassLoader.loadClass(ClassLoader.java:424) [?:1.8.0_51]
	at java.lang.ClassLoader.loadClass(ClassLoader.java:357) [?:1.8.0_51]
	at net.minecraft.client.Minecraft.func_71384_a(Minecraft.java:480) [bao.class:?]
	at net.minecraft.client.Minecraft.func_99999_d(Minecraft.java:878) [bao.class:?]
	at net.minecraft.client.main.Main.main(SourceFile:148) [Main.class:?]
	at sun.reflect.NativeMethodAccessorImpl.invoke0(Native Method) ~[?:1.8.0_51]
	at sun.reflect.NativeMethodAccessorImpl.invoke(NativeMethodAccessorImpl.java:62) ~[?:1.8.0_51]
	at sun.reflect.DelegatingMethodAccessorImpl.invoke(DelegatingMethodAccessorImpl.java:43) ~[?:1.8.0_51]
	at java.lang.reflect.Method.invoke(Method.java:497) ~[?:1.8.0_51]
	at net.minecraft.launchwrapper.Launch.launch(Launch.java:135) [launchwrapper-1.12.jar:?]
	at net.minecraft.launchwrapper.Launch.main(Launch.java:28) [launchwrapper-1.12.jar:?]
	at org.prismlauncher.launcher.impl.StandardLauncher.launch(StandardLauncher.java:105) [NewLaunch.jar:?]
	at org.prismlauncher.EntryPoint.listen(EntryPoint.java:129) [NewLaunch.jar:?]
	at org.prismlauncher.EntryPoint.main(EntryPoint.java:70) [NewLaunch.jar:?]
[15:44:33] [Client thread/INFO] [STDERR]: [java.lang.Throwable$WrappedPrintStream:println:748]: org.spongepowered.asm.mixin.throwables.MixinApplyError: Mixin [worldbridge.mixin.json:IntegratedServerMixin] from phase [DEFAULT] in config [worldbridge.mixin.json] FAILED during APPLY
[15:44:33] [Client thread/INFO] [STDERR]: [java.lang.Throwable$WrappedPrintStream:println:748]: 	at org.spongepowered.asm.mixin.transformer.MixinTransformer.handleMixinError(MixinTransformer.java:779)
[15:44:33] [Client thread/INFO] [STDERR]: [java.lang.Throwable$WrappedPrintStream:println:748]: 	at org.spongepowered.asm.mixin.transformer.MixinTransformer.handleMixinApplyError(MixinTransformer.java:732)
[15:44:33] [Client thread/INFO] [STDERR]: [java.lang.Throwable$WrappedPrintStream:println:748]: 	at org.spongepowered.asm.mixin.transformer.MixinTransformer.transformClassBytes(MixinTransformer.java:513)
[15:44:33] [Client thread/INFO] [STDERR]: [java.lang.Throwable$WrappedPrintStream:println:748]: 	at org.spongepowered.asm.mixin.transformer.Proxy.transform(Proxy.java:72)
[15:44:33] [Client thread/INFO] [STDERR]: [java.lang.Throwable$WrappedPrintStream:println:748]: 	at net.minecraft.launchwrapper.LaunchClassLoader.runTransformers(LaunchClassLoader.java:279)
[15:44:33] [Client thread/INFO] [STDERR]: [java.lang.Throwable$WrappedPrintStream:println:748]: 	at net.minecraft.launchwrapper.LaunchClassLoader.findClass(LaunchClassLoader.java:176)
[15:44:33] [Client thread/INFO] [STDERR]: [java.lang.Throwable$WrappedPrintStream:println:748]: 	at java.lang.ClassLoader.loadClass(ClassLoader.java:424)
[15:44:33] [Client thread/INFO] [STDERR]: [java.lang.Throwable$WrappedPrintStream:println:748]: 	at java.lang.ClassLoader.loadClass(ClassLoader.java:357)
[15:44:33] [Client thread/INFO] [STDERR]: [java.lang.Throwable$WrappedPrintStream:println:748]: 	at net.minecraft.client.Minecraft.func_71384_a(Minecraft.java:480)
[15:44:33] [Client thread/INFO] [STDERR]: [java.lang.Throwable$WrappedPrintStream:println:748]: 	at net.minecraft.client.Minecraft.func_99999_d(Minecraft.java:878)
[15:44:33] [Client thread/INFO] [STDERR]: [java.lang.Throwable$WrappedPrintStream:println:748]: 	at net.minecraft.client.main.Main.main(SourceFile:148)
[15:44:33] [Client thread/INFO] [STDERR]: [java.lang.Throwable$WrappedPrintStream:println:748]: 	at sun.reflect.NativeMethodAccessorImpl.invoke0(Native Method)
[15:44:33] [Client thread/INFO] [STDERR]: [java.lang.Throwable$WrappedPrintStream:println:748]: 	at sun.reflect.NativeMethodAccessorImpl.invoke(NativeMethodAccessorImpl.java:62)
[15:44:33] [Client thread/INFO] [STDERR]: [java.lang.Throwable$WrappedPrintStream:println:748]: 	at sun.reflect.DelegatingMethodAccessorImpl.invoke(DelegatingMethodAccessorImpl.java:43)
[15:44:33] [Client thread/INFO] [STDERR]: [java.lang.Throwable$WrappedPrintStream:println:748]: 	at java.lang.reflect.Method.invoke(Method.java:497)
[15:44:33] [Client thread/INFO] [STDERR]: [java.lang.Throwable$WrappedPrintStream:println:748]: 	at net.minecraft.launchwrapper.Launch.launch(Launch.java:135)
[15:44:33] [Client thread/INFO] [STDERR]: [java.lang.Throwable$WrappedPrintStream:println:748]: 	at net.minecraft.launchwrapper.Launch.main(Launch.java:28)
[15:44:33] [Client thread/INFO] [STDERR]: [java.lang.Throwable$WrappedPrintStream:println:748]: 	at org.prismlauncher.launcher.impl.StandardLauncher.launch(StandardLauncher.java:105)
[15:44:33] [Client thread/INFO] [STDERR]: [java.lang.Throwable$WrappedPrintStream:println:748]: 	at org.prismlauncher.EntryPoint.listen(EntryPoint.java:129)
[15:44:33] [Client thread/INFO] [STDERR]: [java.lang.Throwable$WrappedPrintStream:println:748]: 	at org.prismlauncher.EntryPoint.main(EntryPoint.java:70)
[15:44:33] [Client thread/INFO] [STDERR]: [java.lang.Throwable$WrappedPrintStream:println:748]: Caused by: org.spongepowered.asm.mixin.injection.throwables.InvalidInjectionException: @Inject annotation on handler$onShareToLAN$zza000 could not find any targets matching 'shareToLAN' in the target class net.minecraft.server.integrated.IntegratedServer. No refMap loaded.
[15:44:33] [Client thread/INFO] [STDERR]: [java.lang.Throwable$WrappedPrintStream:println:748]: 	at org.spongepowered.asm.mixin.injection.struct.InjectionInfo.findMethods(InjectionInfo.java:421)
[15:44:33] [Client thread/INFO] [STDERR]: [java.lang.Throwable$WrappedPrintStream:println:748]: 	at org.spongepowered.asm.mixin.injection.struct.InjectionInfo.readAnnotation(InjectionInfo.java:172)
[15:44:33] [Client thread/INFO] [STDERR]: [java.lang.Throwable$WrappedPrintStream:println:748]: 	at org.spongepowered.asm.mixin.injection.struct.InjectionInfo.<init>(InjectionInfo.java:159)
[15:44:33] [Client thread/INFO] [STDERR]: [java.lang.Throwable$WrappedPrintStream:println:748]: 	at org.spongepowered.asm.mixin.injection.struct.InjectionInfo.<init>(InjectionInfo.java:151)
[15:44:33] [Client thread/INFO] [STDERR]: [java.lang.Throwable$WrappedPrintStream:println:748]: 	at org.spongepowered.asm.mixin.injection.struct.CallbackInjectionInfo.<init>(CallbackInjectionInfo.java:44)
[15:44:33] [Client thread/INFO] [STDERR]: [java.lang.Throwable$WrappedPrintStream:println:748]: 	at org.spongepowered.asm.mixin.injection.struct.InjectionInfo.parse(InjectionInfo.java:472)
[15:44:33] [Client thread/INFO] [STDERR]: [java.lang.Throwable$WrappedPrintStream:println:748]: 	at org.spongepowered.asm.mixin.transformer.MixinTargetContext.prepareInjections(MixinTargetContext.java:1180)
[15:44:33] [Client thread/INFO] [STDERR]: [java.lang.Throwable$WrappedPrintStream:println:748]: 	at org.spongepowered.asm.mixin.transformer.MixinApplicatorStandard.prepareInjections(MixinApplicatorStandard.java:929)
[15:44:33] [Client thread/INFO] [STDERR]: [java.lang.Throwable$WrappedPrintStream:println:748]: 	at org.spongepowered.asm.mixin.transformer.MixinApplicatorStandard.applyMixin(MixinApplicatorStandard.java:317)
[15:44:33] [Client thread/INFO] [STDERR]: [java.lang.Throwable$WrappedPrintStream:println:748]: 	at org.spongepowered.asm.mixin.transformer.MixinApplicatorStandard.apply(MixinApplicatorStandard.java:280)
[15:44:33] [Client thread/INFO] [STDERR]: [java.lang.Throwable$WrappedPrintStream:println:748]: 	at org.spongepowered.asm.mixin.transformer.TargetClassContext.applyMixins(TargetClassContext.java:353)
[15:44:33] [Client thread/INFO] [STDERR]: [java.lang.Throwable$WrappedPrintStream:println:748]: 	at org.spongepowered.asm.mixin.transformer.MixinTransformer.apply(MixinTransformer.java:724)
[15:44:33] [Client thread/INFO] [STDERR]: [java.lang.Throwable$WrappedPrintStream:println:748]: 	at org.spongepowered.asm.mixin.transformer.MixinTransformer.applyMixins(MixinTransformer.java:703)
[15:44:33] [Client thread/INFO] [STDERR]: [java.lang.Throwable$WrappedPrintStream:println:748]: 	at org.spongepowered.asm.mixin.transformer.MixinTransformer.transformClassBytes(MixinTransformer.java:509)
[15:44:33] [Client thread/INFO] [STDERR]: [java.lang.Throwable$WrappedPrintStream:println:748]: 	... 17 more
[15:44:33] [Client thread/INFO] [STDOUT]: [net.minecraft.client.Minecraft:func_71377_b:349]: ---- Minecraft Crash Report ----
// You should try our sister game, Minceraft!

Time: 12/30/24 3:44 PM
Description: Initializing game

java.lang.NoClassDefFoundError: net/minecraft/server/integrated/IntegratedServer
	at net.minecraft.client.Minecraft.func_71384_a(Minecraft.java:480)
	at net.minecraft.client.Minecraft.func_99999_d(Minecraft.java:878)
	at net.minecraft.client.main.Main.main(SourceFile:148)
	at sun.reflect.NativeMethodAccessorImpl.invoke0(Native Method)
	at sun.reflect.NativeMethodAccessorImpl.invoke(NativeMethodAccessorImpl.java:62)
	at sun.reflect.DelegatingMethodAccessorImpl.invoke(DelegatingMethodAccessorImpl.java:43)
	at java.lang.reflect.Method.invoke(Method.java:497)
	at net.minecraft.launchwrapper.Launch.launch(Launch.java:135)
	at net.minecraft.launchwrapper.Launch.main(Launch.java:28)
	at org.prismlauncher.launcher.impl.StandardLauncher.launch(StandardLauncher.java:105)
	at org.prismlauncher.EntryPoint.listen(EntryPoint.java:129)
	at org.prismlauncher.EntryPoint.main(EntryPoint.java:70)
Caused by: java.lang.ClassNotFoundException: net.minecraft.server.integrated.IntegratedServer
	at net.minecraft.launchwrapper.LaunchClassLoader.findClass(LaunchClassLoader.java:191)
	at java.lang.ClassLoader.loadClass(ClassLoader.java:424)
	at java.lang.ClassLoader.loadClass(ClassLoader.java:357)
	... 12 more
Caused by: org.spongepowered.asm.mixin.transformer.throwables.MixinTransformerError: An unexpected critical error was encountered
	at org.spongepowered.asm.mixin.transformer.MixinTransformer.transformClassBytes(MixinTransformer.java:521)
	at org.spongepowered.asm.mixin.transformer.Proxy.transform(Proxy.java:72)
	at net.minecraft.launchwrapper.LaunchClassLoader.runTransformers(LaunchClassLoader.java:279)
	at net.minecraft.launchwrapper.LaunchClassLoader.findClass(LaunchClassLoader.java:176)
	... 14 more
Caused by: org.spongepowered.asm.mixin.throwables.MixinApplyError: Mixin [worldbridge.mixin.json:IntegratedServerMixin] from phase [DEFAULT] in config [worldbridge.mixin.json] FAILED during APPLY
	at org.spongepowered.asm.mixin.transformer.MixinTransformer.handleMixinError(MixinTransformer.java:779)
	at org.spongepowered.asm.mixin.transformer.MixinTransformer.handleMixinApplyError(MixinTransformer.java:732)
	at org.spongepowered.asm.mixin.transformer.MixinTransformer.transformClassBytes(MixinTransformer.java:513)
	... 17 more
Caused by: org.spongepowered.asm.mixin.injection.throwables.InvalidInjectionException: @Inject annotation on handler$onShareToLAN$zza000 could not find any targets matching 'shareToLAN' in the target class net.minecraft.server.integrated.IntegratedServer. No refMap loaded.
	at org.spongepowered.asm.mixin.injection.struct.InjectionInfo.findMethods(InjectionInfo.java:421)
	at org.spongepowered.asm.mixin.injection.struct.InjectionInfo.readAnnotation(InjectionInfo.java:172)
	at org.spongepowered.asm.mixin.injection.struct.InjectionInfo.<init>(InjectionInfo.java:159)
	at org.spongepowered.asm.mixin.injection.struct.InjectionInfo.<init>(InjectionInfo.java:151)
	at org.spongepowered.asm.mixin.injection.struct.CallbackInjectionInfo.<init>(CallbackInjectionInfo.java:44)
	at org.spongepowered.asm.mixin.injection.struct.InjectionInfo.parse(InjectionInfo.java:472)
	at org.spongepowered.asm.mixin.transformer.MixinTargetContext.prepareInjections(MixinTargetContext.java:1180)
	at org.spongepowered.asm.mixin.transformer.MixinApplicatorStandard.prepareInjections(MixinApplicatorStandard.java:929)
	at org.spongepowered.asm.mixin.transformer.MixinApplicatorStandard.applyMixin(MixinApplicatorStandard.java:317)
	at org.spongepowered.asm.mixin.transformer.MixinApplicatorStandard.apply(MixinApplicatorStandard.java:280)
	at org.spongepowered.asm.mixin.transformer.TargetClassContext.applyMixins(TargetClassContext.java:353)
	at org.spongepowered.asm.mixin.transformer.MixinTransformer.apply(MixinTransformer.java:724)
	at org.spongepowered.asm.mixin.transformer.MixinTransformer.applyMixins(MixinTransformer.java:703)
	at org.spongepowered.asm.mixin.transformer.MixinTransformer.transformClassBytes(MixinTransformer.java:509)
	... 17 more


A detailed walkthrough of the error, its code path and all known details is as follows:
---------------------------------------------------------------------------------------

-- Head --
Stacktrace:
	at net.minecraft.client.Minecraft.func_71384_a(Minecraft.java:480)

-- Initialization --
Details:
Stacktrace:
	at net.minecraft.client.Minecraft.func_99999_d(Minecraft.java:878)
	at net.minecraft.client.main.Main.main(SourceFile:148)
	at sun.reflect.NativeMethodAccessorImpl.invoke0(Native Method)
	at sun.reflect.NativeMethodAccessorImpl.invoke(NativeMethodAccessorImpl.java:62)
	at sun.reflect.DelegatingMethodAccessorImpl.invoke(DelegatingMethodAccessorImpl.java:43)
	at java.lang.reflect.Method.invoke(Method.java:497)
	at net.minecraft.launchwrapper.Launch.launch(Launch.java:135)
	at net.minecraft.launchwrapper.Launch.main(Launch.java:28)
	at org.prismlauncher.launcher.impl.StandardLauncher.launch(StandardLauncher.java:105)
	at org.prismlauncher.EntryPoint.listen(EntryPoint.java:129)
	at org.prismlauncher.EntryPoint.main(EntryPoint.java:70)

-- System Details --
Details:
	Minecraft Version: 1.7.10
	Operating System: Windows 8.1 (amd64) version 6.3
	Java Version: 1.8.0_51, Oracle Corporation
	Java VM Version: Java HotSpot(TM) 64-Bit Server VM (mixed mode), Oracle Corporation
	Memory: 351615968 bytes (335 MB) / 665321472 bytes (634 MB) up to 7635730432 bytes (7282 MB)
	JVM Flags: 3 total; -XX:HeapDumpPath=MojangTricksIntelDriversForPerformance_javaw.exe_minecraft.exe.heapdump -Xms512m -Xmx8192m
	AABB Pool Size: 0 (0 bytes; 0 MB) allocated, 0 (0 bytes; 0 MB) used
	IntCache: cache: 0, tcache: 0, allocated: 0, tallocated: 0
	FML: 
	Launched Version: 1.7.10
	LWJGL: 2.9.4
	OpenGL: Intel(R) Iris(R) Xe Graphics GL version 4.6.0 - Build 31.0.101.4255, Intel
	GL Caps: Using GL 1.3 multitexturing.
Using framebuffer objects because OpenGL 3.0 is supported and separate blending is supported.
Anisotropic filtering is supported and maximum anisotropy is 16.
Shaders are available because OpenGL 2.1 is supported.

	Is Modded: Definitely; Client brand changed to 'fml,forge'
	Type: Client (map_client.txt)
	Resource Packs: []
	Current Language: ~~ERROR~~ NullPointerException: null
	Profiler Position: N/A (disabled)
	Vec3 Pool Size: 0 (0 bytes; 0 MB) allocated, 0 (0 bytes; 0 MB) used
	Anisotropic Filtering: Off (1)
[15:44:33] [Client thread/INFO] [STDOUT]: [net.minecraft.client.Minecraft:func_71377_b:359]: #@!@# Game crashed! Crash report saved to: #@!@# C:\Users\vikto\AppData\Roaming\PrismLauncher\instances\1.7.10 Dev Test\minecraft\crash-reports\crash-2024-12-30_15.44.33-client.txt
Process exited with code -1.
Clipboard copy at: 30 Dec 2024 15:48:43 +0100
